[debug] [2025-07-13T07:22:42.422Z] ----------------------------------------------------------------------
[debug] [2025-07-13T07:22:42.424Z] Command:       /nix/store/rbdrkcs5kkwpalxcd7c6bnm33lk2955n-nodejs-20.19.0/bin/node /nix/store/fprgfkwna33crhc86jqbf5878piivvgw-firebase-tools-14.7.0/lib/node_modules/firebase-tools/lib/bin/firebase.js init hosting
[debug] [2025-07-13T07:22:42.424Z] CLI Version:   14.7.0
[debug] [2025-07-13T07:22:42.425Z] Platform:      linux
[debug] [2025-07-13T07:22:42.425Z] Node Version:  v20.19.0
[debug] [2025-07-13T07:22:42.425Z] Time:          Sun Jul 13 2025 07:22:42 GMT+0000 (Coordinated Universal Time)
[debug] [2025-07-13T07:22:42.425Z] ----------------------------------------------------------------------
[debug] 
[debug] [2025-07-13T07:22:42.430Z] > command requires scopes: ["email","openid","https://www.googleapis.com/auth/cloudplatformprojects.readonly","https://www.googleapis.com/auth/firebase","https://www.googleapis.com/auth/cloud-platform"]
[debug] [2025-07-13T07:23:24.550Z] Running auto auth
[info] 
     ######## #### ########  ######## ########     ###     ######  ########
     ##        ##  ##     ## ##       ##     ##  ##   ##  ##       ##
     ######    ##  ########  ######   ########  #########  ######  ######
     ##        ##  ##    ##  ##       ##     ## ##     ##       ## ##
     ##       #### ##     ## ######## ########  ##     ##  ######  ########

You're about to initialize a Firebase project in this directory:

  /home/user/llamacoder

[info] 
=== Project Setup
[info] 
[info] First, let's associate this project directory with a Firebase project.
[info] You can create multiple project aliases by running firebase use --add, 
[info] but for now we'll just set up a default project.
[info] 
